#
# There is insufficient memory for the Java Runtime Environment to continue.
# Native memory allocation (malloc) failed to allocate 1808016 bytes for Chunk::new
# Possible reasons:
#   The system is out of physical RAM or swap space
#   The process is running with CompressedOops enabled, and the Java Heap may be blocking the growth of the native heap
# Possible solutions:
#   Reduce memory load on the system
#   Increase physical memory or swap space
#   Check if swap backing store is full
#   Decrease Java heap size (-Xmx/-Xms)
#   Decrease number of Java threads
#   Decrease Java thread stack sizes (-Xss)
#   Set larger code cache with -XX:ReservedCodeCacheSize=
#   JVM is running with Unscaled Compressed Oops mode in which the Java heap is
#     placed in the first 4GB address space. The Java Heap base address is the
#     maximum limit for the native heap growth. Please use -XX:HeapBaseMinAddress
#     to set the Java Heap base and to place the Java Heap above 4GB virtual address.
# This output file may be truncated or incomplete.
#
#  Out of Memory Error (./src/hotspot/share/memory/arena.cpp:197), pid=1364, tid=3632
#
# JRE version: OpenJDK Runtime Environment (11.0.10) (build 11.0.10+0-b96-7249189)
# Java VM: OpenJDK 64-Bit Server VM (11.0.10+0-b96-7249189, mixed mode, tiered, compressed oops, g1 gc, windows-amd64)
# No core dump will be written. Minidumps are not enabled by default on client versions of Windows
#

---------------  S U M M A R Y ------------

Command Line: --add-opens=java.base/java.util=ALL-UNNAMED --add-opens=java.base/java.lang=ALL-UNNAMED --add-opens=java.base/java.lang.invoke=ALL-UNNAMED --add-opens=java.prefs/java.util.prefs=ALL-UNNAMED -Xmx2048m -Dfile.encoding=windows-1252 -Duser.country=BR -Duser.language=pt -Duser.variant org.gradle.launcher.daemon.bootstrap.GradleDaemon 6.1.1

Host: Intel(R) Core(TM) i7-8550U CPU @ 1.80GHz, 8 cores, 7G,  Windows 10 , 64 bit Build 19041 (10.0.19041.1151)
Time: Fri Oct  1 12:38:22 2021 Hora Padrão de Buenos Aires elapsed time: 3.657138 seconds (0d 0h 0m 3s)

---------------  T H R E A D  ---------------

Current thread (0x0000025ce66ac800):  JavaThread "C2 CompilerThread0" daemon [_thread_in_native, id=3632, stack(0x000000ec76600000,0x000000ec76700000)]


Current CompileTask:
C2:   3657 2031   !   4       java.net.URLClassLoader$1::run (63 bytes)

Stack: [0x000000ec76600000,0x000000ec76700000]
Native frames: (J=compiled Java code, j=interpreted, Vv=VM code, C=native code)
V  [jvm.dll+0x5ecfaa]
V  [jvm.dll+0x722bd5]
V  [jvm.dll+0x72412d]
V  [jvm.dll+0x7247e3]
V  [jvm.dll+0x242928]
V  [jvm.dll+0xbc4fc]
V  [jvm.dll+0xbca0c]
V  [jvm.dll+0x352d7d]
V  [jvm.dll+0x320ad3]
V  [jvm.dll+0x31ffca]
V  [jvm.dll+0x1fb602]
V  [jvm.dll+0x1fa7f4]
V  [jvm.dll+0x18354c]
V  [jvm.dll+0x208ee7]
V  [jvm.dll+0x207731]
V  [jvm.dll+0x6eb1cf]
V  [jvm.dll+0x6e3d45]
V  [jvm.dll+0x5ebe96]
C  [ucrtbase.dll+0x21bb2]
C  [KERNEL32.DLL+0x17034]
C  [ntdll.dll+0x52651]


---------------  P R O C E S S  ---------------

Threads class SMR info:
_java_thread_list=0x0000025cea942230, length=27, elements={
0x0000025ccb89d800, 0x0000025ce5d00000, 0x0000025ce5d0c000, 0x0000025ce66a4800,
0x0000025ce66a7800, 0x0000025ce66a9000, 0x0000025ce66ac800, 0x0000025ce66af800,
0x0000025ce5d1f000, 0x0000025ce6800000, 0x0000025ce7f7d800, 0x0000025ce6b59800,
0x0000025ce6a61800, 0x0000025ce7911800, 0x0000025ce7912800, 0x0000025ce88d9000,
0x0000025ce76c4800, 0x0000025ce7dfd800, 0x0000025ce7dfe800, 0x0000025ce8056000,
0x0000025ce8650800, 0x0000025ce8653000, 0x0000025ce8654800, 0x0000025ce8650000,
0x0000025cea870800, 0x0000025ce8654000, 0x0000025ce8656800
}

Java Threads: ( => current thread )
  0x0000025ccb89d800 JavaThread "main" [_thread_blocked, id=11364, stack(0x000000ec75a00000,0x000000ec75b00000)]
  0x0000025ce5d00000 JavaThread "Reference Handler" daemon [_thread_blocked, id=18040, stack(0x000000ec76100000,0x000000ec76200000)]
  0x0000025ce5d0c000 JavaThread "Finalizer" daemon [_thread_blocked, id=8688, stack(0x000000ec76200000,0x000000ec76300000)]
  0x0000025ce66a4800 JavaThread "Signal Dispatcher" daemon [_thread_blocked, id=9080, stack(0x000000ec76300000,0x000000ec76400000)]
  0x0000025ce66a7800 JavaThread "Attach Listener" daemon [_thread_blocked, id=8224, stack(0x000000ec76400000,0x000000ec76500000)]
  0x0000025ce66a9000 JavaThread "Service Thread" daemon [_thread_blocked, id=9640, stack(0x000000ec76500000,0x000000ec76600000)]
=>0x0000025ce66ac800 JavaThread "C2 CompilerThread0" daemon [_thread_in_native, id=3632, stack(0x000000ec76600000,0x000000ec76700000)]
  0x0000025ce66af800 JavaThread "C1 CompilerThread0" daemon [_thread_blocked, id=7696, stack(0x000000ec76700000,0x000000ec76800000)]
  0x0000025ce5d1f000 JavaThread "Sweeper thread" daemon [_thread_blocked, id=10452, stack(0x000000ec76800000,0x000000ec76900000)]
  0x0000025ce6800000 JavaThread "Common-Cleaner" daemon [_thread_blocked, id=18772, stack(0x000000ec76900000,0x000000ec76a00000)]
  0x0000025ce7f7d800 JavaThread "Daemon health stats" [_thread_blocked, id=14464, stack(0x000000ec76e00000,0x000000ec76f00000)]
  0x0000025ce6b59800 JavaThread "Incoming local TCP Connector on port 62044" [_thread_in_native, id=18136, stack(0x000000ec76b00000,0x000000ec76c00000)]
  0x0000025ce6a61800 JavaThread "Daemon periodic checks" [_thread_blocked, id=13468, stack(0x000000ec76d00000,0x000000ec76e00000)]
  0x0000025ce7911800 JavaThread "Daemon" [_thread_blocked, id=19168, stack(0x000000ec77200000,0x000000ec77300000)]
  0x0000025ce7912800 JavaThread "Handler for socket connection from /127.0.0.1:62044 to /127.0.0.1:62045" [_thread_in_native, id=16844, stack(0x000000ec77300000,0x000000ec77400000)]
  0x0000025ce88d9000 JavaThread "C2 CompilerThread1" daemon [_thread_in_native, id=18940, stack(0x000000ec77400000,0x000000ec77500000)]
  0x0000025ce76c4800 JavaThread "Cancel handler" [_thread_blocked, id=11308, stack(0x000000ec77500000,0x000000ec77600000)]
  0x0000025ce7dfd800 JavaThread "Daemon worker" [_thread_blocked, id=14612, stack(0x000000ec77600000,0x000000ec77700000)]
  0x0000025ce7dfe800 JavaThread "Asynchronous log dispatcher for DefaultDaemonConnection: socket connection from /127.0.0.1:62044 to /127.0.0.1:62045" [_thread_blocked, id=8124, stack(0x000000ec77700000,0x000000ec77800000)]
  0x0000025ce8056000 JavaThread "Stdin handler" [_thread_blocked, id=10500, stack(0x000000ec77800000,0x000000ec77900000)]
  0x0000025ce8650800 JavaThread "Thread-8" [_thread_blocked, id=10432, stack(0x000000ec77900000,0x000000ec77a00000)]
  0x0000025ce8653000 JavaThread "Cache worker for journal cache (C:\Users\Marcelo Querino\.gradle\caches\journal-1)" [_thread_blocked, id=19156, stack(0x000000ec77a00000,0x000000ec77b00000)]
  0x0000025ce8654800 JavaThread "File lock request listener" [_thread_in_native, id=16576, stack(0x000000ec77b00000,0x000000ec77c00000)]
  0x0000025ce8650000 JavaThread "Cache worker for file hash cache (C:\Users\Marcelo Querino\.gradle\caches\6.1.1\fileHashes)" [_thread_in_vm, id=4080, stack(0x000000ec77c00000,0x000000ec77d00000)]
  0x0000025cea870800 JavaThread "C2 CompilerThread2" daemon [_thread_in_native, id=6800, stack(0x000000ec78200000,0x000000ec78300000)]
  0x0000025ce8654000 JavaThread "Cache worker for checksums cache (C:\Users\Marcelo Querino\Desktop\Spotify\.gradle\checksums)" [_thread_blocked, id=9328, stack(0x000000ec78300000,0x000000ec78400000)]
  0x0000025ce8656800 JavaThread "Cache worker for file hash cache (C:\Users\Marcelo Querino\Desktop\Spotify\.gradle\6.1.1\fileHashes)" [_thread_blocked, id=4624, stack(0x000000ec78400000,0x000000ec78500000)]

Other Threads:
  0x0000025ce5cfc800 VMThread "VM Thread" [stack: 0x000000ec76000000,0x000000ec76100000] [id=11460]
  0x0000025ce6852000 WatcherThread [stack: 0x000000ec76a00000,0x000000ec76b00000] [id=2180]
  0x0000025ccb8b5800 GCTaskThread "GC Thread#0" [stack: 0x000000ec75b00000,0x000000ec75c00000] [id=13012]
  0x0000025ce73fc000 GCTaskThread "GC Thread#1" [stack: 0x000000ec76c00000,0x000000ec76d00000] [id=18704]
  0x0000025ce80bb800 GCTaskThread "GC Thread#2" [stack: 0x000000ec76f00000,0x000000ec77000000] [id=12568]
  0x0000025ce7706000 GCTaskThread "GC Thread#3" [stack: 0x000000ec77000000,0x000000ec77100000] [id=9756]
  0x0000025ce8053000 GCTaskThread "GC Thread#4" [stack: 0x000000ec77d00000,0x000000ec77e00000] [id=4872]
  0x0000025ce7324000 GCTaskThread "GC Thread#5" [stack: 0x000000ec77e00000,0x000000ec77f00000] [id=15240]
  0x0000025ce7bad800 GCTaskThread "GC Thread#6" [stack: 0x000000ec77f00000,0x000000ec78000000] [id=12176]
  0x0000025ce7d00000 GCTaskThread "GC Thread#7" [stack: 0x000000ec78000000,0x000000ec78100000] [id=4900]
  0x0000025ccb8e8000 ConcurrentGCThread "G1 Main Marker" [stack: 0x000000ec75c00000,0x000000ec75d00000] [id=17020]
  0x0000025ccb8e9800 ConcurrentGCThread "G1 Conc#0" [stack: 0x000000ec75d00000,0x000000ec75e00000] [id=7568]
  0x0000025ce86b3800 ConcurrentGCThread "G1 Conc#1" [stack: 0x000000ec78100000,0x000000ec78200000] [id=2212]
  0x0000025ce5b50800 ConcurrentGCThread "G1 Refine#0" [stack: 0x000000ec75e00000,0x000000ec75f00000] [id=4584]
  0x0000025ce88ec000 ConcurrentGCThread "G1 Refine#1" [stack: 0x000000ec77100000,0x000000ec77200000] [id=9260]
  0x0000025ce5b51000 ConcurrentGCThread "G1 Young RemSet Sampling" [stack: 0x000000ec75f00000,0x000000ec76000000] [id=17508]

Threads with active compile tasks:
C2 CompilerThread0   3710 2031   !   4       java.net.URLClassLoader$1::run (63 bytes)
C2 CompilerThread1   3710 2030       4       java.net.URLClassLoader$1::run (5 bytes)
C2 CompilerThread2   3710 2112       4       java.lang.reflect.ProxyGenerator$ConstantPool::getValue (87 bytes)

VM state:not at safepoint (normal execution)

VM Mutex/Monitor currently owned by a thread: None

Heap address: 0x0000000080000000, size: 2048 MB, Compressed Oops mode: 32-bit
Narrow klass base: 0x0000000000000000, Narrow klass shift: 3
Compressed class space size: 1073741824 Address: 0x0000000100000000

Heap:
 garbage-first heap   total 126976K, used 47640K [0x0000000080000000, 0x0000000100000000)
  region size 1024K, 34 young (34816K), 2 survivors (2048K)
 Metaspace       used 25093K, capacity 25740K, committed 25904K, reserved 1071104K
  class space    used 3190K, capacity 3420K, committed 3456K, reserved 1048576K
Heap Regions: E=young(eden), S=young(survivor), O=old, HS=humongous(starts), HC=humongous(continues), CS=collection set, F=free, A=archive, TAMS=top-at-mark-start (previous, next)
|   0|0x0000000080000000, 0x0000000080100000, 0x0000000080100000|100%| O|  |TAMS 0x0000000080100000, 0x0000000080000000| Untracked 
|   1|0x0000000080100000, 0x0000000080200000, 0x0000000080200000|100%| O|  |TAMS 0x0000000080200000, 0x0000000080100000| Untracked 
|   2|0x0000000080200000, 0x0000000080300000, 0x0000000080300000|100%| O|  |TAMS 0x0000000080300000, 0x0000000080200000| Untracked 
|   3|0x0000000080300000, 0x0000000080400000, 0x0000000080400000|100%|HS|  |TAMS 0x0000000080400000, 0x0000000080300000| Complete 
|   4|0x0000000080400000, 0x0000000080500000, 0x0000000080500000|100%|HC|  |TAMS 0x0000000080500000, 0x0000000080400000| Complete 
|   5|0x0000000080500000, 0x0000000080600000, 0x0000000080600000|100%|HC|  |TAMS 0x0000000080600000, 0x0000000080500000| Complete 
|   6|0x0000000080600000, 0x0000000080700000, 0x0000000080700000|100%| O|  |TAMS 0x0000000080700000, 0x0000000080600000| Untracked 
|   7|0x0000000080700000, 0x0000000080800000, 0x0000000080800000|100%| O|  |TAMS 0x0000000080800000, 0x0000000080700000| Untracked 
|   8|0x0000000080800000, 0x0000000080900000, 0x0000000080900000|100%| O|  |TAMS 0x0000000080900000, 0x0000000080800000| Untracked 
|   9|0x0000000080900000, 0x0000000080a00000, 0x0000000080a00000|100%| O|  |TAMS 0x0000000080a00000, 0x0000000080900000| Untracked 
|  10|0x0000000080a00000, 0x0000000080b00000, 0x0000000080b00000|100%| O|  |TAMS 0x0000000080b00000, 0x0000000080a00000| Untracked 
|  11|0x0000000080b00000, 0x0000000080c00000, 0x0000000080c00000|100%| O|  |TAMS 0x0000000080c00000, 0x0000000080b00000| Untracked 
|  12|0x0000000080c00000, 0x0000000080d00000, 0x0000000080d00000|100%| O|  |TAMS 0x0000000080d00000, 0x0000000080c00000| Untracked 
|  13|0x0000000080d00000, 0x0000000080d8de00, 0x0000000080e00000| 55%| O|  |TAMS 0x0000000080d8de00, 0x0000000080d00000| Untracked 
|  14|0x0000000080e00000, 0x0000000080e00000, 0x0000000080f00000|  0%| F|  |TAMS 0x0000000080e00000, 0x0000000080e00000| Untracked 
|  15|0x0000000080f00000, 0x0000000080f00000, 0x0000000081000000|  0%| F|  |TAMS 0x0000000080f00000, 0x0000000080f00000| Untracked 
|  16|0x0000000081000000, 0x0000000081000000, 0x0000000081100000|  0%| F|  |TAMS 0x0000000081000000, 0x0000000081000000| Untracked 
|  17|0x0000000081100000, 0x0000000081100000, 0x0000000081200000|  0%| F|  |TAMS 0x0000000081100000, 0x0000000081100000| Untracked 
|  18|0x0000000081200000, 0x0000000081200000, 0x0000000081300000|  0%| F|  |TAMS 0x0000000081200000, 0x0000000081200000| Untracked 
|  19|0x0000000081300000, 0x0000000081300000, 0x0000000081400000|  0%| F|  |TAMS 0x0000000081300000, 0x0000000081300000| Untracked 
|  20|0x0000000081400000, 0x0000000081400000, 0x0000000081500000|  0%| F|  |TAMS 0x0000000081400000, 0x0000000081400000| Untracked 
|  21|0x0000000081500000, 0x0000000081500000, 0x0000000081600000|  0%| F|  |TAMS 0x0000000081500000, 0x0000000081500000| Untracked 
|  22|0x0000000081600000, 0x0000000081600000, 0x0000000081700000|  0%| F|  |TAMS 0x0000000081600000, 0x0000000081600000| Untracked 
|  23|0x0000000081700000, 0x0000000081700000, 0x0000000081800000|  0%| F|  |TAMS 0x0000000081700000, 0x0000000081700000| Untracked 
|  24|0x0000000081800000, 0x0000000081800000, 0x0000000081900000|  0%| F|  |TAMS 0x0000000081800000, 0x0000000081800000| Untracked 
|  25|0x0000000081900000, 0x0000000081900000, 0x0000000081a00000|  0%| F|  |TAMS 0x0000000081900000, 0x0000000081900000| Untracked 
|  26|0x0000000081a00000, 0x0000000081a00000, 0x0000000081b00000|  0%| F|  |TAMS 0x0000000081a00000, 0x0000000081a00000| Untracked 
|  27|0x0000000081b00000, 0x0000000081b00000, 0x0000000081c00000|  0%| F|  |TAMS 0x0000000081b00000, 0x0000000081b00000| Untracked 
|  28|0x0000000081c00000, 0x0000000081c00000, 0x0000000081d00000|  0%| F|  |TAMS 0x0000000081c00000, 0x0000000081c00000| Untracked 
|  29|0x0000000081d00000, 0x0000000081d00000, 0x0000000081e00000|  0%| F|  |TAMS 0x0000000081d00000, 0x0000000081d00000| Untracked 
|  30|0x0000000081e00000, 0x0000000081e00000, 0x0000000081f00000|  0%| F|  |TAMS 0x0000000081e00000, 0x0000000081e00000| Untracked 
|  31|0x0000000081f00000, 0x0000000081f00000, 0x0000000082000000|  0%| F|  |TAMS 0x0000000081f00000, 0x0000000081f00000| Untracked 
|  32|0x0000000082000000, 0x0000000082000000, 0x0000000082100000|  0%| F|  |TAMS 0x0000000082000000, 0x0000000082000000| Untracked 
|  33|0x0000000082100000, 0x0000000082100000, 0x0000000082200000|  0%| F|  |TAMS 0x0000000082100000, 0x0000000082100000| Untracked 
|  34|0x0000000082200000, 0x0000000082200000, 0x0000000082300000|  0%| F|  |TAMS 0x0000000082200000, 0x0000000082200000| Untracked 
|  35|0x0000000082300000, 0x0000000082300000, 0x0000000082400000|  0%| F|  |TAMS 0x0000000082300000, 0x0000000082300000| Untracked 
|  36|0x0000000082400000, 0x0000000082400000, 0x0000000082500000|  0%| F|  |TAMS 0x0000000082400000, 0x0000000082400000| Untracked 
|  37|0x0000000082500000, 0x0000000082500000, 0x0000000082600000|  0%| F|  |TAMS 0x0000000082500000, 0x0000000082500000| Untracked 
|  38|0x0000000082600000, 0x0000000082600000, 0x0000000082700000|  0%| F|  |TAMS 0x0000000082600000, 0x0000000082600000| Untracked 
|  39|0x0000000082700000, 0x0000000082700000, 0x0000000082800000|  0%| F|  |TAMS 0x0000000082700000, 0x0000000082700000| Untracked 
|  40|0x0000000082800000, 0x0000000082800000, 0x0000000082900000|  0%| F|  |TAMS 0x0000000082800000, 0x0000000082800000| Untracked 
|  41|0x0000000082900000, 0x0000000082900000, 0x0000000082a00000|  0%| F|  |TAMS 0x0000000082900000, 0x0000000082900000| Untracked 
|  42|0x0000000082a00000, 0x0000000082a00000, 0x0000000082b00000|  0%| F|  |TAMS 0x0000000082a00000, 0x0000000082a00000| Untracked 
|  43|0x0000000082b00000, 0x0000000082b00000, 0x0000000082c00000|  0%| F|  |TAMS 0x0000000082b00000, 0x0000000082b00000| Untracked 
|  44|0x0000000082c00000, 0x0000000082c00000, 0x0000000082d00000|  0%| F|  |TAMS 0x0000000082c00000, 0x0000000082c00000| Untracked 
|  45|0x0000000082d00000, 0x0000000082d00000, 0x0000000082e00000|  0%| F|  |TAMS 0x0000000082d00000, 0x0000000082d00000| Untracked 
|  46|0x0000000082e00000, 0x0000000082e00000, 0x0000000082f00000|  0%| F|  |TAMS 0x0000000082e00000, 0x0000000082e00000| Untracked 
|  47|0x0000000082f00000, 0x0000000082f00000, 0x0000000083000000|  0%| F|  |TAMS 0x0000000082f00000, 0x0000000082f00000| Untracked 
|  48|0x0000000083000000, 0x0000000083000000, 0x0000000083100000|  0%| F|  |TAMS 0x0000000083000000, 0x0000000083000000| Untracked 
|  49|0x0000000083100000, 0x0000000083100000, 0x0000000083200000|  0%| F|  |TAMS 0x0000000083100000, 0x0000000083100000| Untracked 
|  50|0x0000000083200000, 0x0000000083200000, 0x0000000083300000|  0%| F|  |TAMS 0x0000000083200000, 0x0000000083200000| Untracked 
|  51|0x0000000083300000, 0x0000000083300000, 0x0000000083400000|  0%| F|  |TAMS 0x0000000083300000, 0x0000000083300000| Untracked 
|  52|0x0000000083400000, 0x0000000083400000, 0x0000000083500000|  0%| F|  |TAMS 0x0000000083400000, 0x0000000083400000| Untracked 
|  53|0x0000000083500000, 0x0000000083500000, 0x0000000083600000|  0%| F|  |TAMS 0x0000000083500000, 0x0000000083500000| Untracked 
|  54|0x0000000083600000, 0x0000000083600000, 0x0000000083700000|  0%| F|  |TAMS 0x0000000083600000, 0x0000000083600000| Untracked 
|  55|0x0000000083700000, 0x0000000083700000, 0x0000000083800000|  0%| F|  |TAMS 0x0000000083700000, 0x0000000083700000| Untracked 
|  56|0x0000000083800000, 0x0000000083800000, 0x0000000083900000|  0%| F|  |TAMS 0x0000000083800000, 0x0000000083800000| Untracked 
|  57|0x0000000083900000, 0x0000000083900000, 0x0000000083a00000|  0%| F|  |TAMS 0x0000000083900000, 0x0000000083900000| Untracked 
|  58|0x0000000083a00000, 0x0000000083a00000, 0x0000000083b00000|  0%| F|  |TAMS 0x0000000083a00000, 0x0000000083a00000| Untracked 
|  59|0x0000000083b00000, 0x0000000083b00000, 0x0000000083c00000|  0%| F|  |TAMS 0x0000000083b00000, 0x0000000083b00000| Untracked 
|  60|0x0000000083c00000, 0x0000000083c00000, 0x0000000083d00000|  0%| F|  |TAMS 0x0000000083c00000, 0x0000000083c00000| Untracked 
|  61|0x0000000083d00000, 0x0000000083d00000, 0x0000000083e00000|  0%| F|  |TAMS 0x0000000083d00000, 0x0000000083d00000| Untracked 
|  62|0x0000000083e00000, 0x0000000083e00000, 0x0000000083f00000|  0%| F|  |TAMS 0x0000000083e00000, 0x0000000083e00000| Untracked 
|  63|0x0000000083f00000, 0x0000000083f00000, 0x0000000084000000|  0%| F|  |TAMS 0x0000000083f00000, 0x0000000083f00000| Untracked 
|  64|0x0000000084000000, 0x0000000084000000, 0x0000000084100000|  0%| F|  |TAMS 0x0000000084000000, 0x0000000084000000| Untracked 
|  65|0x0000000084100000, 0x0000000084100000, 0x0000000084200000|  0%| F|  |TAMS 0x0000000084100000, 0x0000000084100000| Untracked 
|  66|0x0000000084200000, 0x0000000084200000, 0x0000000084300000|  0%| F|  |TAMS 0x0000000084200000, 0x0000000084200000| Untracked 
|  67|0x0000000084300000, 0x0000000084300000, 0x0000000084400000|  0%| F|  |TAMS 0x0000000084300000, 0x0000000084300000| Untracked 
|  68|0x0000000084400000, 0x0000000084400000, 0x0000000084500000|  0%| F|  |TAMS 0x0000000084400000, 0x0000000084400000| Untracked 
|  69|0x0000000084500000, 0x0000000084500000, 0x0000000084600000|  0%| F|  |TAMS 0x0000000084500000, 0x0000000084500000| Untracked 
|  70|0x0000000084600000, 0x0000000084600000, 0x0000000084700000|  0%| F|  |TAMS 0x0000000084600000, 0x0000000084600000| Untracked 
|  71|0x0000000084700000, 0x0000000084700000, 0x0000000084800000|  0%| F|  |TAMS 0x0000000084700000, 0x0000000084700000| Untracked 
|  72|0x0000000084800000, 0x0000000084800000, 0x0000000084900000|  0%| F|  |TAMS 0x0000000084800000, 0x0000000084800000| Untracked 
|  73|0x0000000084900000, 0x0000000084900000, 0x0000000084a00000|  0%| F|  |TAMS 0x0000000084900000, 0x0000000084900000| Untracked 
|  74|0x0000000084a00000, 0x0000000084a00000, 0x0000000084b00000|  0%| F|  |TAMS 0x0000000084a00000, 0x0000000084a00000| Untracked 
|  75|0x0000000084b00000, 0x0000000084b00000, 0x0000000084c00000|  0%| F|  |TAMS 0x0000000084b00000, 0x0000000084b00000| Untracked 
|  76|0x0000000084c00000, 0x0000000084c00000, 0x0000000084d00000|  0%| F|  |TAMS 0x0000000084c00000, 0x0000000084c00000| Untracked 
|  77|0x0000000084d00000, 0x0000000084d00000, 0x0000000084e00000|  0%| F|  |TAMS 0x0000000084d00000, 0x0000000084d00000| Untracked 
|  78|0x0000000084e00000, 0x0000000084e00000, 0x0000000084f00000|  0%| F|  |TAMS 0x0000000084e00000, 0x0000000084e00000| Untracked 
|  79|0x0000000084f00000, 0x0000000084f00000, 0x0000000085000000|  0%| F|  |TAMS 0x0000000084f00000, 0x0000000084f00000| Untracked 
|  80|0x0000000085000000, 0x0000000085000000, 0x0000000085100000|  0%| F|  |TAMS 0x0000000085000000, 0x0000000085000000| Untracked 
|  81|0x0000000085100000, 0x0000000085100000, 0x0000000085200000|  0%| F|  |TAMS 0x0000000085100000, 0x0000000085100000| Untracked 
|  82|0x0000000085200000, 0x0000000085200000, 0x0000000085300000|  0%| F|  |TAMS 0x0000000085200000, 0x0000000085200000| Untracked 
|  83|0x0000000085300000, 0x0000000085300000, 0x0000000085400000|  0%| F|  |TAMS 0x0000000085300000, 0x0000000085300000| Untracked 
|  84|0x0000000085400000, 0x0000000085400000, 0x0000000085500000|  0%| F|  |TAMS 0x0000000085400000, 0x0000000085400000| Untracked 
|  85|0x0000000085500000, 0x0000000085500000, 0x0000000085600000|  0%| F|  |TAMS 0x0000000085500000, 0x0000000085500000| Untracked 
|  86|0x0000000085600000, 0x00000000856f85d0, 0x0000000085700000| 97%| S|CS|TAMS 0x0000000085600000, 0x0000000085600000| Complete 
|  87|0x0000000085700000, 0x0000000085800000, 0x0000000085800000|100%| S|CS|TAMS 0x0000000085700000, 0x0000000085700000| Complete 
|  88|0x0000000085800000, 0x0000000085800000, 0x0000000085900000|  0%| F|  |TAMS 0x0000000085800000, 0x0000000085800000| Untracked 
|  89|0x0000000085900000, 0x0000000085900000, 0x0000000085a00000|  0%| F|  |TAMS 0x0000000085900000, 0x0000000085900000| Untracked 
|  90|0x0000000085a00000, 0x0000000085a00000, 0x0000000085b00000|  0%| F|  |TAMS 0x0000000085a00000, 0x0000000085a00000| Untracked 
|  91|0x0000000085b00000, 0x0000000085b45508, 0x0000000085c00000| 27%| E|  |TAMS 0x0000000085b00000, 0x0000000085b00000| Complete 
|  92|0x0000000085c00000, 0x0000000085d00000, 0x0000000085d00000|100%| E|CS|TAMS 0x0000000085c00000, 0x0000000085c00000| Complete 
|  93|0x0000000085d00000, 0x0000000085e00000, 0x0000000085e00000|100%| E|CS|TAMS 0x0000000085d00000, 0x0000000085d00000| Complete 
|  94|0x0000000085e00000, 0x0000000085f00000, 0x0000000085f00000|100%| E|CS|TAMS 0x0000000085e00000, 0x0000000085e00000| Complete 
|  95|0x0000000085f00000, 0x0000000086000000, 0x0000000086000000|100%| E|CS|TAMS 0x0000000085f00000, 0x0000000085f00000| Complete 
|  96|0x0000000086000000, 0x0000000086100000, 0x0000000086100000|100%| E|CS|TAMS 0x0000000086000000, 0x0000000086000000| Complete 
|  97|0x0000000086100000, 0x0000000086200000, 0x0000000086200000|100%| E|CS|TAMS 0x0000000086100000, 0x0000000086100000| Complete 
|  98|0x0000000086200000, 0x0000000086300000, 0x0000000086300000|100%| E|CS|TAMS 0x0000000086200000, 0x0000000086200000| Complete 
|  99|0x0000000086300000, 0x0000000086400000, 0x0000000086400000|100%| E|CS|TAMS 0x0000000086300000, 0x0000000086300000| Complete 
| 100|0x0000000086400000, 0x0000000086500000, 0x0000000086500000|100%| E|CS|TAMS 0x0000000086400000, 0x0000000086400000| Complete 
| 101|0x0000000086500000, 0x0000000086600000, 0x0000000086600000|100%| E|CS|TAMS 0x0000000086500000, 0x0000000086500000| Complete 
| 102|0x0000000086600000, 0x0000000086700000, 0x0000000086700000|100%| E|CS|TAMS 0x0000000086600000, 0x0000000086600000| Complete 
| 103|0x0000000086700000, 0x0000000086800000, 0x0000000086800000|100%| E|CS|TAMS 0x0000000086700000, 0x0000000086700000| Complete 
| 104|0x0000000086800000, 0x0000000086900000, 0x0000000086900000|100%| E|CS|TAMS 0x0000000086800000, 0x0000000086800000| Complete 
| 105|0x0000000086900000, 0x0000000086a00000, 0x0000000086a00000|100%| E|CS|TAMS 0x0000000086900000, 0x0000000086900000| Complete 
| 106|0x0000000086a00000, 0x0000000086b00000, 0x0000000086b00000|100%| E|CS|TAMS 0x0000000086a00000, 0x0000000086a00000| Complete 
| 107|0x0000000086b00000, 0x0000000086c00000, 0x0000000086c00000|100%| E|CS|TAMS 0x0000000086b00000, 0x0000000086b00000| Complete 
| 108|0x0000000086c00000, 0x0000000086d00000, 0x0000000086d00000|100%| E|CS|TAMS 0x0000000086c00000, 0x0000000086c00000| Complete 
| 109|0x0000000086d00000, 0x0000000086e00000, 0x0000000086e00000|100%| E|CS|TAMS 0x0000000086d00000, 0x0000000086d00000| Complete 
| 110|0x0000000086e00000, 0x0000000086f00000, 0x0000000086f00000|100%| E|CS|TAMS 0x0000000086e00000, 0x0000000086e00000| Complete 
| 111|0x0000000086f00000, 0x0000000087000000, 0x0000000087000000|100%| E|CS|TAMS 0x0000000086f00000, 0x0000000086f00000| Complete 
| 112|0x0000000087000000, 0x0000000087100000, 0x0000000087100000|100%| E|CS|TAMS 0x0000000087000000, 0x0000000087000000| Complete 
| 113|0x0000000087100000, 0x0000000087200000, 0x0000000087200000|100%| E|CS|TAMS 0x0000000087100000, 0x0000000087100000| Complete 
| 114|0x0000000087200000, 0x0000000087300000, 0x0000000087300000|100%| E|CS|TAMS 0x0000000087200000, 0x0000000087200000| Complete 
| 115|0x0000000087300000, 0x0000000087400000, 0x0000000087400000|100%| E|CS|TAMS 0x0000000087300000, 0x0000000087300000| Complete 
| 116|0x0000000087400000, 0x0000000087500000, 0x0000000087500000|100%| E|CS|TAMS 0x0000000087400000, 0x0000000087400000| Complete 
| 117|0x0000000087500000, 0x0000000087600000, 0x0000000087600000|100%| E|CS|TAMS 0x0000000087500000, 0x0000000087500000| Complete 
| 118|0x0000000087600000, 0x0000000087700000, 0x0000000087700000|100%| E|CS|TAMS 0x0000000087600000, 0x0000000087600000| Complete 
| 119|0x0000000087700000, 0x0000000087800000, 0x0000000087800000|100%| E|CS|TAMS 0x0000000087700000, 0x0000000087700000| Complete 
| 120|0x0000000087800000, 0x0000000087900000, 0x0000000087900000|100%| E|CS|TAMS 0x0000000087800000, 0x0000000087800000| Complete 
| 121|0x0000000087900000, 0x0000000087a00000, 0x0000000087a00000|100%| E|CS|TAMS 0x0000000087900000, 0x0000000087900000| Complete 
| 122|0x0000000087a00000, 0x0000000087b00000, 0x0000000087b00000|100%| E|CS|TAMS 0x0000000087a00000, 0x0000000087a00000| Complete 
| 123|0x0000000087b00000, 0x0000000087c00000, 0x0000000087c00000|100%| E|CS|TAMS 0x0000000087b00000, 0x0000000087b00000| Complete 

Card table byte_map: [0x0000025cdeac0000,0x0000025cdeec0000] _byte_map_base: 0x0000025cde6c0000

Marking Bits (Prev, Next): (CMBitMap*) 0x0000025ccb8df4e0, (CMBitMap*) 0x0000025ccb8df4a8
 Prev Bits: [0x0000025ce12c0000, 0x0000025ce32c0000)
 Next Bits: [0x0000025cdf2c0000, 0x0000025ce12c0000)

Polling page: 0x0000025cc9a10000

Metaspace:

Usage:
  Non-class:     21.86 MB capacity,    21.44 MB ( 98%) used,   388.49 KB (  2%) free+waste,    44.13 KB ( <1%) overhead. 
      Class:      3.34 MB capacity,     3.12 MB ( 94%) used,   200.41 KB (  6%) free+waste,    21.75 KB ( <1%) overhead. 
       Both:     25.20 MB capacity,    24.56 MB ( 97%) used,   588.90 KB (  2%) free+waste,    65.88 KB ( <1%) overhead. 

Virtual space:
  Non-class space:       22.00 MB reserved,      21.92 MB (>99%) committed 
      Class space:        1.00 GB reserved,       3.38 MB ( <1%) committed 
             Both:        1.02 GB reserved,      25.30 MB (  2%) committed 

Chunk freelists:
   Non-Class:  64.00 KB
       Class:  4.00 KB
        Both:  68.00 KB

MaxMetaspaceSize: 17179869184.00 GB
CompressedClassSpaceSize: 1.00 GB

CodeHeap 'non-profiled nmethods': size=120000Kb used=1007Kb max_used=1007Kb free=118992Kb
 bounds [0x0000025cd6e60000, 0x0000025cd70d0000, 0x0000025cde390000]
CodeHeap 'profiled nmethods': size=120000Kb used=4372Kb max_used=4372Kb free=115627Kb
 bounds [0x0000025ccf930000, 0x0000025ccfd80000, 0x0000025cd6e60000]
CodeHeap 'non-nmethods': size=5760Kb used=1146Kb max_used=1179Kb free=4613Kb
 bounds [0x0000025ccf390000, 0x0000025ccf600000, 0x0000025ccf930000]
 total_blobs=2596 nmethods=2112 adapters=395
 compilation: enabled
              stopped_count=0, restarted_count=0
 full_count=0

Compilation events (20 events):
Event: 3.602 Thread 0x0000025ce66af800 nmethod 2097 0x0000025ccfd6c590 code [0x0000025ccfd6c740, 0x0000025ccfd6c868]
Event: 3.602 Thread 0x0000025ce66af800 2098       3       java.io.ByteArrayOutputStream::grow (43 bytes)
Event: 3.603 Thread 0x0000025ce66af800 nmethod 2098 0x0000025ccfd6c910 code [0x0000025ccfd6cb20, 0x0000025ccfd6d138]
Event: 3.604 Thread 0x0000025ce66af800 2099       3       jdk.internal.loader.ClassLoaders::platformClassLoader (4 bytes)
Event: 3.604 Thread 0x0000025ce66af800 nmethod 2099 0x0000025ccfd6d310 code [0x0000025ccfd6d4c0, 0x0000025ccfd6d5b8]
Event: 3.605 Thread 0x0000025ce66af800 2100   !   3       org.gradle.internal.event.DefaultListenerManager$EventBroadcast::maybeAdd (99 bytes)
Event: 3.606 Thread 0x0000025ce66af800 nmethod 2100 0x0000025ccfd6d610 code [0x0000025ccfd6d880, 0x0000025ccfd6e2b8]
Event: 3.606 Thread 0x0000025ce66af800 2101       3       java.lang.reflect.ProxyGenerator::code_aload (11 bytes)
Event: 3.606 Thread 0x0000025ce66af800 nmethod 2101 0x0000025ccfd6e790 code [0x0000025ccfd6e940, 0x0000025ccfd6ea88]
Event: 3.606 Thread 0x0000025cea870800 2102       4       java.io.DataOutputStream::writeByte (14 bytes)
Event: 3.607 Thread 0x0000025cea870800 nmethod 2102 0x0000025cd6f58090 code [0x0000025cd6f58220, 0x0000025cd6f582d8]
Event: 3.608 Thread 0x0000025ce66af800 2103       3       java.lang.reflect.ProxyGenerator::code_ipush (90 bytes)
Event: 3.608 Thread 0x0000025cea870800 2104  s    4       java.io.DataOutputStream::write (14 bytes)
Event: 3.609 Thread 0x0000025ce66af800 nmethod 2103 0x0000025ccfd6eb10 code [0x0000025ccfd6edc0, 0x0000025ccfd6fb88]
Event: 3.615 Thread 0x0000025ce66af800 2105       3       jdk.internal.org.objectweb.asm.MethodWriter::<init> (247 bytes)
Event: 3.615 Thread 0x0000025cea870800 nmethod 2104 0x0000025cd6f58390 code [0x0000025cd6f58560, 0x0000025cd6f58d18]
Event: 3.616 Thread 0x0000025ce66af800 nmethod 2105 0x0000025ccfd6ff90 code [0x0000025ccfd70240, 0x0000025ccfd71048]
Event: 3.627 Thread 0x0000025ce66af800 2106       1       java.lang.reflect.Constructor::getSharedParameterTypes (5 bytes)
Event: 3.627 Thread 0x0000025ce66af800 nmethod 2106 0x0000025cd6f59010 code [0x0000025cd6f591c0, 0x0000025cd6f59278]
Event: 3.655 Thread 0x0000025ce66af800 2107       3       java.net.URLConnection::<init> (62 bytes)

GC Heap History (6 events):
Event: 1.066 GC heap before
{Heap before GC invocations=0 (full 0):
 garbage-first heap   total 126976K, used 29696K [0x0000000080000000, 0x0000000100000000)
  region size 1024K, 24 young (24576K), 0 survivors (0K)
 Metaspace       used 10791K, capacity 11065K, committed 11264K, reserved 1058816K
  class space    used 1140K, capacity 1200K, committed 1280K, reserved 1048576K
}
Event: 1.075 GC heap after
{Heap after GC invocations=1 (full 0):
 garbage-first heap   total 126976K, used 8481K [0x0000000080000000, 0x0000000100000000)
  region size 1024K, 3 young (3072K), 3 survivors (3072K)
 Metaspace       used 10791K, capacity 11065K, committed 11264K, reserved 1058816K
  class space    used 1140K, capacity 1200K, committed 1280K, reserved 1048576K
}
Event: 1.876 GC heap before
{Heap before GC invocations=1 (full 0):
 garbage-first heap   total 126976K, used 55585K [0x0000000080000000, 0x0000000100000000)
  region size 1024K, 50 young (51200K), 3 survivors (3072K)
 Metaspace       used 14081K, capacity 14551K, committed 14848K, reserved 1062912K
  class space    used 1619K, capacity 1748K, committed 1792K, reserved 1048576K
}
Event: 1.884 GC heap after
{Heap after GC invocations=2 (full 0):
 garbage-first heap   total 126976K, used 14336K [0x0000000080000000, 0x0000000100000000)
  region size 1024K, 7 young (7168K), 7 survivors (7168K)
 Metaspace       used 14081K, capacity 14551K, committed 14848K, reserved 1062912K
  class space    used 1619K, capacity 1748K, committed 1792K, reserved 1048576K
}
Event: 3.155 GC heap before
{Heap before GC invocations=2 (full 0):
 garbage-first heap   total 126976K, used 49152K [0x0000000080000000, 0x0000000100000000)
  region size 1024K, 43 young (44032K), 7 survivors (7168K)
 Metaspace       used 20711K, capacity 21169K, committed 21296K, reserved 1069056K
  class space    used 2491K, capacity 2636K, committed 2688K, reserved 1048576K
}
Event: 3.162 GC heap after
{Heap after GC invocations=3 (full 0):
 garbage-first heap   total 126976K, used 15896K [0x0000000080000000, 0x0000000100000000)
  region size 1024K, 2 young (2048K), 2 survivors (2048K)
 Metaspace       used 20711K, capacity 21169K, committed 21296K, reserved 1069056K
  class space    used 2491K, capacity 2636K, committed 2688K, reserved 1048576K
}

Deoptimization events (20 events):
Event: 3.218 Thread 0x0000025ce7dfd800 Uncommon trap: trap_request=0xffffff4d fr.pc=0x0000025cd6ebed90 relative=0x0000000000000450
Event: 3.218 Thread 0x0000025ce7dfd800 Uncommon trap: reason=unstable_if action=reinterpret pc=0x0000025cd6ebed90 method=java.lang.String.substring(I)Ljava/lang/String; @ 34 c2
Event: 3.218 Thread 0x0000025ce7dfd800 DEOPT PACKING pc=0x0000025cd6ebed90 sp=0x000000ec776fa910
Event: 3.218 Thread 0x0000025ce7dfd800 DEOPT UNPACKING pc=0x0000025ccf3b78af sp=0x000000ec776fa8e8 mode 2
Event: 3.326 Thread 0x0000025ce7dfd800 Uncommon trap: trap_request=0xffffffc6 fr.pc=0x0000025cd6f262cc relative=0x0000000000000e0c
Event: 3.326 Thread 0x0000025ce7dfd800 Uncommon trap: reason=bimorphic_or_optimized_type_check action=maybe_recompile pc=0x0000025cd6f262cc method=java.util.HashMap.putVal(ILjava/lang/Object;Ljava/lang/Object;ZZ)Ljava/lang/Object; @ 203 c2
Event: 3.326 Thread 0x0000025ce7dfd800 DEOPT PACKING pc=0x0000025cd6f262cc sp=0x000000ec776faa70
Event: 3.326 Thread 0x0000025ce7dfd800 DEOPT UNPACKING pc=0x0000025ccf3b78af sp=0x000000ec776fa9a0 mode 2
Event: 3.363 Thread 0x0000025ce7dfd800 Uncommon trap: trap_request=0xffffffc6 fr.pc=0x0000025cd6f262cc relative=0x0000000000000e0c
Event: 3.363 Thread 0x0000025ce7dfd800 Uncommon trap: reason=bimorphic_or_optimized_type_check action=maybe_recompile pc=0x0000025cd6f262cc method=java.util.HashMap.putVal(ILjava/lang/Object;Ljava/lang/Object;ZZ)Ljava/lang/Object; @ 203 c2
Event: 3.363 Thread 0x0000025ce7dfd800 DEOPT PACKING pc=0x0000025cd6f262cc sp=0x000000ec776f8b10
Event: 3.363 Thread 0x0000025ce7dfd800 DEOPT UNPACKING pc=0x0000025ccf3b78af sp=0x000000ec776f8a40 mode 2
Event: 3.367 Thread 0x0000025ce7dfd800 Uncommon trap: trap_request=0xffffff4d fr.pc=0x0000025cd6ebd054 relative=0x0000000000000094
Event: 3.367 Thread 0x0000025ce7dfd800 Uncommon trap: reason=unstable_if action=reinterpret pc=0x0000025cd6ebd054 method=java.util.LinkedHashMap.afterNodeInsertion(Z)V @ 1 c2
Event: 3.367 Thread 0x0000025ce7dfd800 DEOPT PACKING pc=0x0000025cd6ebd054 sp=0x000000ec776fab40
Event: 3.367 Thread 0x0000025ce7dfd800 DEOPT UNPACKING pc=0x0000025ccf3b78af sp=0x000000ec776faac0 mode 2
Event: 3.370 Thread 0x0000025ce7dfd800 Uncommon trap: trap_request=0xffffff4d fr.pc=0x0000025cd6ed6ff8 relative=0x0000000000000238
Event: 3.370 Thread 0x0000025ce7dfd800 Uncommon trap: reason=unstable_if action=reinterpret pc=0x0000025cd6ed6ff8 method=java.util.concurrent.ConcurrentHashMap.get(Ljava/lang/Object;)Ljava/lang/Object; @ 76 c2
Event: 3.370 Thread 0x0000025ce7dfd800 DEOPT PACKING pc=0x0000025cd6ed6ff8 sp=0x000000ec776f8c60
Event: 3.370 Thread 0x0000025ce7dfd800 DEOPT UNPACKING pc=0x0000025ccf3b78af sp=0x000000ec776f8bc8 mode 2

Classes redefined (0 events):
No events

Internal exceptions (20 events):
Event: 2.702 Thread 0x0000025ce7912800 Exception <a 'java/lang/NoSuchMethodError'{0x000000008760a880}: <clinit>> (0x000000008760a880) thrown at [./src/hotspot/share/prims/jni.cpp, line 1362]
Event: 2.703 Thread 0x0000025ce7912800 Exception <a 'java/lang/NoSuchMethodError'{0x0000000087614248}: <clinit>> (0x0000000087614248) thrown at [./src/hotspot/share/prims/jni.cpp, line 1362]
Event: 2.705 Thread 0x0000025ce7912800 Exception <a 'java/lang/NoSuchMethodError'{0x0000000087629ac0}: <clinit>> (0x0000000087629ac0) thrown at [./src/hotspot/share/prims/jni.cpp, line 1362]
Event: 2.715 Thread 0x0000025ce7912800 Exception <a 'java/lang/NoSuchMethodError'{0x000000008766f858}: <clinit>> (0x000000008766f858) thrown at [./src/hotspot/share/prims/jni.cpp, line 1362]
Event: 2.719 Thread 0x0000025ce7912800 Exception <a 'java/lang/NoSuchMethodError'{0x000000008769d860}: <clinit>> (0x000000008769d860) thrown at [./src/hotspot/share/prims/jni.cpp, line 1362]
Event: 2.723 Thread 0x0000025ce7912800 Exception <a 'java/lang/NoSuchMethodError'{0x00000000876c5380}: <clinit>> (0x00000000876c5380) thrown at [./src/hotspot/share/prims/jni.cpp, line 1362]
Event: 2.724 Thread 0x0000025ce7912800 Exception <a 'java/lang/NoSuchMethodError'{0x00000000876cf638}: <clinit>> (0x00000000876cf638) thrown at [./src/hotspot/share/prims/jni.cpp, line 1362]
Event: 2.777 Thread 0x0000025ce7dfd800 Exception <a 'java/lang/NoSuchMethodError'{0x0000000087232a80}: 'void java.lang.invoke.DelegatingMethodHandle$Holder.reinvoke_L(java.lang.Object, java.lang.Object, java.lang.Object, java.lang.Object)'> (0x0000000087232a80) thrown at [./src/hotspot/share/interpreter/linkResolver.cpp, line 773]
Event: 2.783 Thread 0x0000025ce7dfd800 Exception <a 'java/lang/NoSuchMethodError'{0x0000000087269598}: 'long java.lang.invoke.DirectMethodHandle$Holder.invokeInterface(java.lang.Object, java.lang.Object)'> (0x0000000087269598) thrown at [./src/hotspot/share/interpreter/linkResolver.cpp, line 773]
Event: 2.785 Thread 0x0000025ce7dfd800 Exception <a 'java/lang/NoSuchMethodError'{0x00000000872e5768}: 'void java.lang.invoke.DelegatingMethodHandle$Holder.reinvoke_L(java.lang.Object, java.lang.Object, java.lang.Object, java.lang.Object, java.lang.Object, java.lang.Object, java.lang.Object)'> (0x00000000872e5768) thrown at [./src/hotspot/share/interpreter/linkResolver.cpp, line 773]
Event: 2.891 Thread 0x0000025ce7dfd800 Exception <a 'java/lang/NoSuchMethodError'{0x0000000086ab8528}: 'java.lang.Object java.lang.invoke.DirectMethodHandle$Holder.invokeVirtual(java.lang.Object, java.lang.Object, java.lang.Object)'> (0x0000000086ab8528) thrown at [./src/hotspot/share/interpreter/linkResolver.cpp, line 773]
Event: 2.983 Thread 0x0000025ce7dfd800 Exception <a 'java/lang/NoSuchMethodError'{0x0000000086456100}: 'void java.lang.invoke.DirectMethodHandle$Holder.invokeStaticInit(java.lang.Object)'> (0x0000000086456100) thrown at [./src/hotspot/share/interpreter/linkResolver.cpp, line 773]
Event: 3.187 Thread 0x0000025ce7dfd800 Exception <a 'java/lang/NoSuchMethodError'{0x00000000879779a0}: 'java.lang.Object java.lang.invoke.DirectMethodHandle$Holder.invokeVirtual(java.lang.Object, java.lang.Object, java.lang.Object, java.lang.Object)'> (0x00000000879779a0) thrown at [./src/hotspot/share/interpreter/linkResolver.cpp, line 773]
Event: 3.254 Thread 0x0000025ce7dfd800 Exception <a 'java/lang/NoSuchMethodError'{0x0000000087551518}: 'int java.lang.invoke.DirectMethodHandle$Holder.invokeSpecialIFC(java.lang.Object, java.lang.Object, java.lang.Object, java.lang.Object)'> (0x0000000087551518) thrown at [./src/hotspot/share/interpreter/linkResolver.cpp, line 773]
Event: 3.256 Thread 0x0000025ce7dfd800 Exception <a 'java/lang/NoSuchMethodError'{0x000000008755f680}: 'java.lang.Object java.lang.invoke.DirectMethodHandle$Holder.invokeInterface(java.lang.Object, java.lang.Object, java.lang.Object)'> (0x000000008755f680) thrown at [./src/hotspot/share/interpreter/linkResolver.cpp, line 773]
Event: 3.257 Thread 0x0000025ce7dfd800 Exception <a 'java/lang/IncompatibleClassChangeError'{0x0000000087562e00}: Found class java.lang.Object, but interface was expected> (0x0000000087562e00) thrown at [./src/hotspot/share/interpreter/linkResolver.cpp, line 839]
Event: 3.400 Thread 0x0000025ce7dfd800 Exception <a 'java/lang/NoSuchMethodError'{0x0000000086df13b0}: 'void java.lang.invoke.DirectMethodHandle$Holder.invokeSpecial(java.lang.Object, java.lang.Object, java.lang.Object, java.lang.Object, java.lang.Object, java.lang.Object)'> (0x0000000086df13b0) thrown at [./src/hotspot/share/interpreter/linkResolver.cpp, line 773]
Event: 3.497 Thread 0x0000025ce7dfd800 Exception <a 'java/lang/NoSuchMethodError'{0x000000008679e230}: 'java.lang.Object java.lang.invoke.Invokers$Holder.invoker(java.lang.Object, java.lang.Object, java.lang.Object)'> (0x000000008679e230) thrown at [./src/hotspot/share/interpreter/linkResolver.cpp, line 773]
Event: 3.530 Thread 0x0000025ce7dfd800 Exception <a 'java/lang/NoSuchMethodError'{0x00000000866a3e28}: 'void java.lang.invoke.DirectMethodHandle$Holder.invokeSpecial(java.lang.Object, java.lang.Object, java.lang.Object, java.lang.Object, java.lang.Object, java.lang.Object, java.lang.Object)'> (0x00000000866a3e28) thrown at [./src/hotspot/share/interpreter/linkResolver.cpp, line 773]
Event: 3.531 Thread 0x0000025ce7dfd800 Exception <a 'java/lang/NoSuchMethodError'{0x00000000866ac070}: 'java.lang.Object java.lang.invoke.Invokers$Holder.linkToTargetMethod(java.lang.Object, java.lang.Object, java.lang.Object, java.lang.Object, java.lang.Object, java.lang.Object)'> (0x00000000866ac070) thrown at [./src/hotspot/share/interpreter/linkResolver.cpp, line 773]

Events (20 events):
Event: 3.651 loading class org/gradle/instantexecution/DefaultInstantExecution$reportOutputDir$2
Event: 3.651 loading class org/gradle/instantexecution/DefaultInstantExecution$reportOutputDir$2 done
Event: 3.652 loading class org/gradle/instantexecution/DefaultInstantExecution$isInstantExecutionEnabled$2
Event: 3.652 loading class org/gradle/instantexecution/DefaultInstantExecution$isInstantExecutionEnabled$2 done
Event: 3.653 loading class org/gradle/initialization/buildsrc/BuildBuildSrcBuildOperationType$Result
Event: 3.653 loading class org/gradle/initialization/buildsrc/BuildBuildSrcBuildOperationType$Result done
Event: 3.653 loading class org/gradle/initialization/buildsrc/BuildSourceBuilder$1
Event: 3.653 loading class org/gradle/initialization/buildsrc/BuildSourceBuilder$1 done
Event: 3.653 loading class org/gradle/initialization/buildsrc/BuildSrcBuildListenerFactory
Event: 3.653 loading class org/gradle/initialization/buildsrc/BuildSrcBuildListenerFactory done
Event: 3.653 loading class org/gradle/initialization/buildsrc/BuildSrcProjectConfigurationAction
Event: 3.653 loading class org/gradle/initialization/buildsrc/BuildSrcProjectConfigurationAction done
Event: 3.653 loading class org/gradle/configuration/project/PluginsProjectConfigureActions
Event: 3.653 loading class org/gradle/configuration/project/PluginsProjectConfigureActions done
Event: 3.654 loading class org/gradle/configuration/project/ProjectConfigureAction
Event: 3.654 loading class org/gradle/configuration/project/ProjectConfigureAction done
Event: 3.654 loading class org/gradle/api/internal/InternalAction
Event: 3.654 loading class org/gradle/api/internal/InternalAction done
Event: 3.655 loading class org/gradle/initialization/buildsrc/GroovyBuildSrcProjectConfigurationAction
Event: 3.655 loading class org/gradle/initialization/buildsrc/GroovyBuildSrcProjectConfigurationAction done


Dynamic libraries:
0x00007ff6bc320000 - 0x00007ff6bc32a000 	C:\Program Files\Android\Android Studio2\jre\bin\java.exe
0x00007ff930910000 - 0x00007ff930b05000 	C:\WINDOWS\SYSTEM32\ntdll.dll
0x00007ff92f810000 - 0x00007ff92f8cd000 	C:\WINDOWS\System32\KERNEL32.DLL
0x00007ff92e6a0000 - 0x00007ff92e969000 	C:\WINDOWS\System32\KERNELBASE.dll
0x00007ff92e540000 - 0x00007ff92e640000 	C:\WINDOWS\System32\ucrtbase.dll
0x00007ff925160000 - 0x00007ff925177000 	C:\Program Files\Android\Android Studio2\jre\bin\VCRUNTIME140.dll
0x00007ff8f8370000 - 0x00007ff8f8389000 	C:\Program Files\Android\Android Studio2\jre\bin\jli.dll
0x00007ff92f4b0000 - 0x00007ff92f650000 	C:\WINDOWS\System32\USER32.dll
0x00007ff92e670000 - 0x00007ff92e692000 	C:\WINDOWS\System32\win32u.dll
0x00007ff9307e0000 - 0x00007ff93080a000 	C:\WINDOWS\System32\GDI32.dll
0x00007ff92e3d0000 - 0x00007ff92e4db000 	C:\WINDOWS\System32\gdi32full.dll
0x00007ff92e1d0000 - 0x00007ff92e26d000 	C:\WINDOWS\System32\msvcp_win.dll
0x00007ff91c0b0000 - 0x00007ff91c34a000 	C:\WINDOWS\WinSxS\amd64_microsoft.windows.common-controls_6595b64144ccf1df_6.0.19041.1110_none_60b5254171f9507e\COMCTL32.dll
0x00007ff92ef10000 - 0x00007ff92efae000 	C:\WINDOWS\System32\msvcrt.dll
0x00007ff92f250000 - 0x00007ff92f280000 	C:\WINDOWS\System32\IMM32.DLL
0x00007ff8e7810000 - 0x00007ff8e78ad000 	C:\Program Files\Android\Android Studio2\jre\bin\msvcp140.dll
0x00007ff8a3de0000 - 0x00007ff8a48af000 	C:\Program Files\Android\Android Studio2\jre\bin\server\jvm.dll
0x00007ff92fa20000 - 0x00007ff92facc000 	C:\WINDOWS\System32\ADVAPI32.dll
0x00007ff92f280000 - 0x00007ff92f31b000 	C:\WINDOWS\System32\sechost.dll
0x00007ff92f650000 - 0x00007ff92f77a000 	C:\WINDOWS\System32\RPCRT4.dll
0x00007ff926440000 - 0x00007ff92644a000 	C:\WINDOWS\SYSTEM32\VERSION.dll
0x00007ff91be10000 - 0x00007ff91be37000 	C:\WINDOWS\SYSTEM32\WINMM.dll
0x00007ff92f240000 - 0x00007ff92f248000 	C:\WINDOWS\System32\PSAPI.DLL
0x00007ff919bd0000 - 0x00007ff919bd9000 	C:\WINDOWS\SYSTEM32\WSOCK32.dll
0x00007ff92f1d0000 - 0x00007ff92f23b000 	C:\WINDOWS\System32\ws2_32.DLL
0x00007ff92c920000 - 0x00007ff92c932000 	C:\WINDOWS\SYSTEM32\kernel.appcore.dll
0x00007ff923bd0000 - 0x00007ff923be1000 	C:\Program Files\Android\Android Studio2\jre\bin\verify.dll
0x00007ff92c5e0000 - 0x00007ff92c7c4000 	C:\WINDOWS\SYSTEM32\DBGHELP.DLL
0x00007ff91a390000 - 0x00007ff91a3bc000 	C:\WINDOWS\SYSTEM32\dbgcore.DLL
0x00007ff92e140000 - 0x00007ff92e1c3000 	C:\WINDOWS\System32\bcryptPrimitives.dll
0x00007ff8f8a30000 - 0x00007ff8f8a59000 	C:\Program Files\Android\Android Studio2\jre\bin\java.dll
0x00007ff929140000 - 0x00007ff92914b000 	C:\Program Files\Android\Android Studio2\jre\bin\jimage.dll
0x00007ff8fb670000 - 0x00007ff8fb688000 	C:\Program Files\Android\Android Studio2\jre\bin\zip.dll
0x00007ff92fe30000 - 0x00007ff93056f000 	C:\WINDOWS\System32\SHELL32.dll
0x00007ff92be40000 - 0x00007ff92c5d0000 	C:\WINDOWS\SYSTEM32\windows.storage.dll
0x00007ff92fad0000 - 0x00007ff92fe25000 	C:\WINDOWS\System32\combase.dll
0x00007ff92daa0000 - 0x00007ff92dacc000 	C:\WINDOWS\SYSTEM32\Wldp.dll
0x00007ff92f8d0000 - 0x00007ff92f97e000 	C:\WINDOWS\System32\SHCORE.dll
0x00007ff930810000 - 0x00007ff930865000 	C:\WINDOWS\System32\shlwapi.dll
0x00007ff92df80000 - 0x00007ff92df9f000 	C:\WINDOWS\SYSTEM32\profapi.dll
0x00007ff8f9a60000 - 0x00007ff8f9a7a000 	C:\Program Files\Android\Android Studio2\jre\bin\net.dll
0x00007ff921160000 - 0x00007ff921268000 	C:\WINDOWS\SYSTEM32\WINHTTP.dll
0x00007ff92d800000 - 0x00007ff92d86a000 	C:\WINDOWS\system32\mswsock.dll
0x00007ff8f84b0000 - 0x00007ff8f84c4000 	C:\Program Files\Android\Android Studio2\jre\bin\nio.dll
0x00007ff8f8420000 - 0x00007ff8f8446000 	C:\Users\Marcelo Querino\.gradle\native\31\windows-amd64\native-platform.dll
0x00007ff9290f0000 - 0x00007ff9290fa000 	C:\Program Files\Android\Android Studio2\jre\bin\management.dll
0x00007ff9290c0000 - 0x00007ff9290cc000 	C:\Program Files\Android\Android Studio2\jre\bin\management_ext.dll
0x00007ff92d9f0000 - 0x00007ff92da08000 	C:\WINDOWS\SYSTEM32\CRYPTSP.dll
0x00007ff92d110000 - 0x00007ff92d144000 	C:\WINDOWS\system32\rsaenh.dll
0x00007ff92e640000 - 0x00007ff92e667000 	C:\WINDOWS\System32\bcrypt.dll
0x00007ff92df00000 - 0x00007ff92df2e000 	C:\WINDOWS\SYSTEM32\USERENV.dll
0x00007ff92da10000 - 0x00007ff92da1c000 	C:\WINDOWS\SYSTEM32\CRYPTBASE.dll
0x00007ff92d4a0000 - 0x00007ff92d4db000 	C:\WINDOWS\SYSTEM32\IPHLPAPI.DLL
0x00007ff92efb0000 - 0x00007ff92efb8000 	C:\WINDOWS\System32\NSI.dll
0x00007ff926490000 - 0x00007ff9264a7000 	C:\WINDOWS\SYSTEM32\dhcpcsvc6.DLL
0x00007ff926cb0000 - 0x00007ff926ccd000 	C:\WINDOWS\SYSTEM32\dhcpcsvc.DLL
0x00007ff92d4e0000 - 0x00007ff92d5ac000 	C:\WINDOWS\SYSTEM32\DNSAPI.dll

dbghelp: loaded successfully - version: 4.0.5 - missing functions: none
symbol engine: initialized successfully - sym options: 0x614 - pdb path: .;C:\Program Files\Android\Android Studio2\jre\bin;C:\WINDOWS\SYSTEM32;C:\WINDOWS\WinSxS\amd64_microsoft.windows.common-controls_6595b64144ccf1df_6.0.19041.1110_none_60b5254171f9507e;C:\Program Files\Android\Android Studio2\jre\bin\server;C:\Users\Marcelo Querino\.gradle\native\31\windows-amd64

VM Arguments:
jvm_args: --add-opens=java.base/java.util=ALL-UNNAMED --add-opens=java.base/java.lang=ALL-UNNAMED --add-opens=java.base/java.lang.invoke=ALL-UNNAMED --add-opens=java.prefs/java.util.prefs=ALL-UNNAMED -Xmx2048m -Dfile.encoding=windows-1252 -Duser.country=BR -Duser.language=pt -Duser.variant 
java_command: org.gradle.launcher.daemon.bootstrap.GradleDaemon 6.1.1
java_class_path (initial): C:\Users\Marcelo Querino\.gradle\wrapper\dists\gradle-6.1.1-all\cfmwm155h49vnt3hynmlrsdst\gradle-6.1.1\lib\gradle-launcher-6.1.1.jar
Launcher Type: SUN_STANDARD

[Global flags]
     intx CICompilerCount                          = 4                                         {product} {ergonomic}
     uint ConcGCThreads                            = 2                                         {product} {ergonomic}
     uint G1ConcRefinementThreads                  = 8                                         {product} {ergonomic}
   size_t G1HeapRegionSize                         = 1048576                                   {product} {ergonomic}
    uintx GCDrainStackTargetSize                   = 64                                        {product} {ergonomic}
   size_t InitialHeapSize                          = 130023424                                 {product} {ergonomic}
   size_t MarkStackSize                            = 4194304                                   {product} {ergonomic}
   size_t MaxHeapSize                              = 2147483648                                {product} {command line}
   size_t MaxNewSize                               = 1287651328                                {product} {ergonomic}
   size_t MinHeapDeltaBytes                        = 1048576                                   {product} {ergonomic}
    uintx NonNMethodCodeHeapSize                   = 5836300                                {pd product} {ergonomic}
    uintx NonProfiledCodeHeapSize                  = 122910970                              {pd product} {ergonomic}
    uintx ProfiledCodeHeapSize                     = 122910970                              {pd product} {ergonomic}
    uintx ReservedCodeCacheSize                    = 251658240                              {pd product} {ergonomic}
     bool SegmentedCodeCache                       = true                                      {product} {ergonomic}
     bool UseCompressedClassPointers               = true                                 {lp64_product} {ergonomic}
     bool UseCompressedOops                        = true                                 {lp64_product} {ergonomic}
     bool UseG1GC                                  = true                                      {product} {ergonomic}
     bool UseLargePagesIndividualAllocation        = false                                  {pd product} {ergonomic}

Logging:
Log output configuration:
 #0: stdout all=warning uptime,level,tags
 #1: stderr all=off uptime,level,tags

Environment Variables:
JAVA_HOME=C:\Program Files\Java\jdk1.8.0_212
PATH=C:\Program Files (x86)\Common Files\Oracle\Java\javapath;C:\WINDOWS\system32;C:\WINDOWS;C:\WINDOWS\System32\Wbem;C:\WINDOWS\System32\WindowsPowerShell\v1.0\;C:\WINDOWS\System32\OpenSSH\;C:\Program Files\dotnet\;C:\Program Files\Microsoft SQL Server\130\Tools\Binn\;C:\Users\Marcelo Querino\Documents\flutter\bin;C:\Program Files\Git\cmd;C:\xampp\php;C:\composer;C:\Program Files\OpenVPN\bin;C:\Program Files\Microsoft SQL Server\Client SDK\ODBC\170\Tools\Binn\;C:\Program Files (x86)\Bitvise SSH Client;C:\php\5.6.9;C:\Program Files\Microsoft SQL Server\Client SDK\ODBC\130\Tools\Binn\;C:\Program Files (x86)\Microsoft SQL Server\140\Tools\Binn\;C:\Program Files\Microsoft SQL Server\140\Tools\Binn\;C:\Program Files\Microsoft SQL Server\140\DTS\Binn\;C:\Users\Marcelo Querino\AppData\Local\Android\Sdk\platform-tools;C:\ProgramData\chocolatey\bin;C:\Program Files (x86)\Microsoft SQL Server\150\Tools\Binn\;C:\Program Files\Microsoft SQL Server\150\Tools\Binn\;C:\Program Files\Microsoft SQL Server\150\DTS\Binn\;C:\Program Files (x86)\Microsoft SQL Server\150\DTS\Binn\;C:\Users\Marcelo Querino\AppData\Local\Pub\Cache\bin;C:\tools\dart-sdk\bin;C:\flutter\flutter\bin;C:\Program Files\nodejs\;C:\Program Files\MySQL\MySQL Shell 8.0\bin\;C:\Users\Marcelo Querino\AppData\Local\Programs\Microsoft VS Code\bin;C:\Users\Marcelo Querino\AppData\Local\GitHubDesktop\bin;C:\Users\Marcelo Querino\.gradle\wrapper\dists\gradle-4.10.1-all\455itskqi2qtf0v2sja68alqd\gradle-4.10.1\bin;C:\Users\Marcelo Querino\AppData\Local\Microsoft\WindowsApps;C:\tools\dart-sdk\bin;C:\Users\Marcelo Querino\AppData\Local\Pub\Cache\bin;C:\flutter\flutter\bin;C:\Users\Marcelo Querino\AppData\Roaming\Pub\Cache\bin;C:\Users\Marcelo Querino\.dotnet\tools;C:\Users\Marcelo Querino\AppData\Roaming\npm
USERNAME=Marcelo Querino
OS=Windows_NT
PROCESSOR_IDENTIFIER=Intel64 Family 6 Model 142 Stepping 10, GenuineIntel



---------------  S Y S T E M  ---------------

OS: Windows 10 , 64 bit Build 19041 (10.0.19041.1151)
OS uptime: 0 days 19:02 hours

CPU:total 8 (initial active 8) (4 cores per cpu, 2 threads per core) family 6 model 142 stepping 10 microcode 0xe0, cmov, cx8, fxsr, mmx, sse, sse2, sse3, ssse3, sse4.1, sse4.2, popcnt, avx, avx2, aes, clmul, erms, 3dnowpref, lzcnt, ht, tsc, tscinvbit, bmi1, bmi2, adx, fma

Memory: 4k page, system-wide physical 7845M (941M free)
TotalPageFile size 14873M (AvailPageFile size 11M)
current process WorkingSet (physical memory assigned to process): 185M, peak: 185M
current process commit charge ("private bytes"): 281M, peak: 281M

vm_info: OpenJDK 64-Bit Server VM (11.0.10+0-b96-7249189) for windows-amd64 JRE (11.0.10+0-b96-7249189), built on Mar 31 2021 21:44:00 by "builder" with MS VC++ 14.0 (VS2015)

END.
